\BOOKMARK [0][-]{section*.2}{\376\377\144\130\000\040\211\201}{}% 1
\BOOKMARK [0][-]{section*.4}{Abstract}{}% 2
\BOOKMARK [0][-]{section*.5}{\376\377\166\356\000\040\137\125}{}% 3
\BOOKMARK [0][-]{section*.7}{\376\377\126\376\210\150\166\356\137\125}{}% 4
\BOOKMARK [0][-]{section*.13}{\376\377\173\046\123\367\122\027\210\150}{}% 5
\BOOKMARK [0][-]{chapter.1}{\376\377\173\054\0001\172\340\000\040\000\040\176\352\213\272}{}% 6
\BOOKMARK [1][-]{section.1.1}{\376\377\0001\000.\0001\000\040\200\314\146\157\116\313\176\315}{chapter.1}% 7
\BOOKMARK [1][-]{section.1.2}{\376\377\0001\000.\0002\000\040\155\073\117\123\142\020\120\317\143\242\155\113\142\113\153\265\173\200\116\313}{chapter.1}% 8
\BOOKMARK [2][-]{subsection.1.2.1}{\376\377\0001\000.\0002\000.\0001\000\040\227\136\121\111\133\146\143\242\155\113\142\113\153\265}{section.1.2}% 9
\BOOKMARK [2][-]{subsection.1.2.2}{\376\377\0001\000.\0002\000.\0002\000\040\121\111\133\146\142\020\120\317\142\113\153\265}{section.1.2}% 10
\BOOKMARK [2][-]{subsection.1.2.3}{\376\377\0001\000.\0002\000.\0003\000\040\155\073\117\123\142\020\120\317\116\055\166\204\203\147\121\111\143\242\224\210}{section.1.2}% 11
\BOOKMARK [1][-]{section.1.3}{\376\377\0001\000.\0003\000\040\145\207\172\340\176\304\176\307\176\323\147\204}{chapter.1}% 12
\BOOKMARK [0][-]{chapter.2}{\376\377\173\054\0002\172\340\000\040\000\040\160\271\142\153\143\317\146\076\137\256\225\134\174\373\176\337\213\276\213\241\166\204\164\006\213\272\127\372\170\100}{}% 13
\BOOKMARK [1][-]{section.2.1}{\376\377\0002\000.\0001\000\040\160\271\142\153\143\317\146\076\137\256\174\373\176\337\213\276\213\241\116\055\166\204\220\037\136\246\124\214\122\006\217\250\163\207\225\356\230\230}{chapter.2}% 14
\BOOKMARK [2][-]{subsection.2.1.1}{\376\377\0002\000.\0001\000.\0001\000\040\160\271\142\153\143\317\166\204\123\125\120\317\175\040\120\134\165\131\145\366\225\364}{section.2.1}% 15
\BOOKMARK [2][-]{subsection.2.1.2}{\376\377\0002\000.\0001\000.\0002\000\040\160\271\142\153\143\317\142\020\120\317\166\204\145\160\133\127\221\307\150\067\122\006\217\250\163\207}{section.2.1}% 16
\BOOKMARK [1][-]{section.2.2}{\376\377\0002\000.\0002\000\040\160\271\142\151\145\143\121\375\145\160}{chapter.2}% 17
\BOOKMARK [2][-]{subsection.2.2.1}{\376\377\0002\000.\0002\000.\0001\000\040\176\277\140\047\160\271\142\151\145\143\121\375\145\160\116\016\131\032\121\111\133\120\147\011\145\110\157\300\123\321\117\123\171\357}{section.2.2}% 18
\BOOKMARK [2][-]{subsection.2.2.2}{\376\377\0002\000.\0002\000.\0002\000\040\000P\000S\000F\000\040\133\275\136\246\143\007\150\007\116\016\122\006\217\250\163\207\210\150\217\360}{section.2.2}% 19
\BOOKMARK [1][-]{section.2.3}{\376\377\0002\000.\0003\000\040\160\271\142\153\143\317\142\020\120\317\116\055\166\204\142\153\143\317\176\323\147\204}{chapter.2}% 20
\BOOKMARK [2][-]{subsection.2.3.1}{\376\377\0002\000.\0003\000.\0001\000\040\142\153\143\317\173\126\165\145\377\032\121\111\147\137\142\153\143\317\116\016\217\175\162\151\123\360\142\153\143\317}{section.2.3}% 21
\BOOKMARK [2][-]{subsection.2.3.2}{\376\377\0002\000.\0003\000.\0002\000\040\160\271\142\153\143\317\142\020\120\317\116\055\166\204\121\170\127\213\142\153\143\317\145\271\137\017}{section.2.3}% 22
\BOOKMARK [2][-]{subsection.2.3.3}{\376\377\0002\000.\0003\000.\0003\000\040\142\153\143\317\145\271\137\017\220\011\142\351\166\204\121\163\225\056\147\103\210\141}{section.2.3}% 23
\BOOKMARK [1][-]{section.2.4}{\376\377\0002\000.\0004\000\040\146\076\137\256\174\373\176\337\166\204\162\151\225\134\123\302\145\160\116\016\142\153\143\317\211\306\127\072\213\276\213\241}{chapter.2}% 24
\BOOKMARK [2][-]{subsection.2.4.1}{\376\377\0002\000.\0004\000.\0001\000\040\145\340\172\167\217\334\150\041\153\143\162\151\225\134\123\312\133\236\232\214\174\373\176\337\142\100\165\050\162\151\225\134}{section.2.4}% 25
\BOOKMARK [2][-]{subsection.2.4.2}{\376\377\0002\000.\0004\000.\0002\000\040\162\151\225\134\124\016\133\124\137\204\060\001\147\137\137\204\130\153\121\105\116\016\147\011\145\110\145\160\120\074\133\124\137\204}{section.2.4}% 26
\BOOKMARK [2][-]{subsection.2.4.3}{\376\377\0002\000.\0004\000.\0003\000\040\142\153\143\317\211\322\136\246\116\016\162\151\145\271\211\306\127\072\166\204\146\040\134\004\121\163\174\373}{section.2.4}% 27
\BOOKMARK [2][-]{subsection.2.4.4}{\376\377\0002\000.\0004\000.\0004\000\040\142\153\143\317\211\306\127\072\116\016\122\006\217\250\163\207\166\204\135\345\172\013\147\103\210\141}{section.2.4}% 28
\BOOKMARK [2][-]{subsection.2.4.5}{\376\377\0002\000.\0004\000.\0005\000\040\201\352\170\024\162\151\225\134\213\276\213\241\133\236\117\213}{section.2.4}% 29
\BOOKMARK [0][-]{chapter.3}{\376\377\173\054\0003\172\340\000\040\000\040\157\300\121\111\142\153\143\317\121\161\200\132\161\046\203\147\121\111\133\377\124\175\146\076\137\256\225\134\144\055\136\372}{}% 30
\BOOKMARK [1][-]{section.3.1}{\376\377\0003\000.\0001\000\040\121\161\200\132\161\046\146\076\137\256\225\134\142\020\120\317\123\237\164\006}{chapter.3}% 31
\BOOKMARK [2][-]{subsection.3.1.1}{\376\377\0003\000.\0001\000.\0001\000\040\133\275\127\072\203\147\121\111\146\076\137\256\225\134\116\016\210\115\134\004\147\201\226\120}{section.3.1}% 32
\BOOKMARK [2][-]{subsection.3.1.2}{\376\377\0003\000.\0001\000.\0002\000\040\157\300\121\111\142\153\143\317\121\161\200\132\161\046\146\076\137\256\225\134\166\204\127\372\147\054\140\035\140\363}{section.3.1}% 33
\BOOKMARK [2][-]{subsection.3.1.3}{\376\377\0003\000.\0001\000.\0003\000\040\121\161\200\132\161\046\146\076\137\256\225\134\166\204\122\006\217\250\163\207\162\171\140\047}{section.3.1}% 34
\BOOKMARK [2][-]{subsection.3.1.4}{\376\377\0003\000.\0001\000.\0004\000\040\121\161\161\046\134\017\133\124\166\204\117\134\165\050\123\312\121\166\137\161\124\315}{section.3.1}% 35
\BOOKMARK [1][-]{section.3.2}{\376\377\0003\000.\0002\000\040\157\300\123\321\121\111\156\220\166\204\121\111\214\061\220\011\142\351\116\016\121\111\147\137\145\164\137\142}{chapter.3}% 36
\BOOKMARK [2][-]{subsection.3.2.1}{\376\377\0003\000.\0002\000.\0001\000\040\215\205\217\336\176\355\214\061\157\300\123\321\121\111\156\220\166\204\121\111\214\061\220\011\142\351\116\016\142\151\147\137}{section.3.2}% 37
\BOOKMARK [2][-]{subsection.3.2.2}{\376\377\0003\000.\0002\000.\0002\000\040\0005\0003\0002\000n\000m\000\040\166\256\171\322\157\300\121\111\121\111\156\220\123\312\121\166\174\373\176\337\220\002\221\115}{section.3.2}% 38
\BOOKMARK [1][-]{section.3.3}{\376\377\0003\000.\0003\000\040\174\373\176\337\213\276\213\241}{chapter.3}% 39
\BOOKMARK [2][-]{subsection.3.3.1}{\376\377\0003\000.\0003\000.\0001\000\040\121\161\200\132\161\046\174\373\176\337\123\237\127\213\166\204\217\355\116\343\157\024\217\333}{section.3.3}% 40
\BOOKMARK [2][-]{subsection.3.3.2}{\376\377\0003\000.\0003\000.\0002\000\040\147\000\176\310\174\373\176\337\121\111\215\357\213\276\213\241\116\016\133\236\163\260}{section.3.3}% 41
\BOOKMARK [2][-]{subsection.3.3.3}{\376\377\0003\000.\0003\000.\0003\000\040\170\301\124\070\137\017\137\353\142\306\131\032\202\162\121\161\200\132\161\046\147\072\150\260\176\323\147\204\213\276\213\241}{section.3.3}% 42
\BOOKMARK [2][-]{subsection.3.3.4}{\376\377\0003\000.\0003\000.\0004\000\040\131\032\202\162\157\300\123\321\116\016\131\032\220\032\220\123\143\242\155\113\145\271\150\110}{section.3.3}% 43
\BOOKMARK [2][-]{subsection.3.3.5}{\376\377\0003\000.\0003\000.\0005\000\040\174\373\176\337\122\035\153\145\140\047\200\375\232\214\213\301}{section.3.3}% 44
\BOOKMARK [0][-]{chapter.4}{\376\377\173\054\0004\172\340\000\040\000\040\131\032\121\111\133\120\203\147\121\111\133\377\124\175\146\076\137\256\225\134\174\373\176\337\144\055\136\372}{}% 45
\BOOKMARK [1][-]{section.4.1}{\376\377\0004\000.\0001\000\040\131\032\121\111\133\120\146\076\137\256\142\020\120\317\166\204\127\372\147\054\123\237\164\006\116\016\174\373\176\337\227\000\154\102}{chapter.4}% 46
\BOOKMARK [1][-]{section.4.2}{\376\377\0004\000.\0002\000\040\173\054\116\000\131\127\126\372\133\232\137\017\131\032\121\111\133\120\146\076\137\256\225\134\174\373\176\337\213\276\213\241\116\016\144\055\136\372}{chapter.4}% 47
\BOOKMARK [1][-]{section.4.3}{\376\377\0004\000.\0003\000\040\173\054\116\214\131\127\137\353\220\037\122\007\143\142\131\032\121\111\133\120\146\076\137\256\225\134\174\373\176\337\213\276\213\241\116\016\144\055\136\372}{chapter.4}% 48
\BOOKMARK [1][-]{section.4.4}{\376\377\0004\000.\0004\000\040\173\054\116\214\131\127\174\373\176\337\166\204\147\072\150\260\213\276\213\241\116\016\121\111\133\146\117\030\123\026}{chapter.4}% 49
\BOOKMARK [1][-]{section.4.5}{\376\377\0004\000.\0005\000\040\131\032\121\111\133\120\174\373\176\337\116\055\166\204\201\011\121\262\123\213\177\051\116\016\201\011\133\275\210\150\137\201}{chapter.4}% 50
\BOOKMARK [2][-]{subsection.4.5.1}{\376\377\0004\000.\0005\000.\0001\000\040\201\011\121\262\123\213\177\051\126\150\213\276\213\241\116\016\202\162\145\143\210\145\120\177\145\271\150\110\122\006\147\220}{section.4.5}% 51
\BOOKMARK [2][-]{subsection.4.5.2}{\376\377\0004\000.\0005\000.\0002\000\040\127\372\116\216\150\361\225\134\133\371\166\204\000\040\0009\0002\0000\000n\000m\000\040\230\336\171\322\157\300\121\111\201\011\121\262\123\213\177\051}{section.4.5}% 52
\BOOKMARK [2][-]{subsection.4.5.3}{\376\377\0004\000.\0005\000.\0003\000\040\162\151\225\134\123\312\146\076\137\256\174\373\176\337\140\073\202\162\145\143\166\204\155\113\221\317\116\016\210\145\120\177}{section.4.5}% 53
\BOOKMARK [2][-]{subsection.4.5.4}{\376\377\0004\000.\0005\000.\0004\000\040\127\372\116\216\123\314\121\111\133\120\124\070\145\066\166\204\201\352\166\370\136\162\201\011\133\275\210\150\137\201\116\016\133\236\232\214\232\214\213\301}{section.4.5}% 54
\BOOKMARK [2][-]{subsection.4.5.5}{\376\377\0004\000.\0005\000.\0005\000\040\131\032\220\032\201\124\000\050\000M\000P\000C\000\051\201\011\121\262\123\213\177\051\123\237\164\006\116\016\117\030\122\277}{section.4.5}% 55
\BOOKMARK [0][-]{chapter.5}{\376\377\173\054\0005\172\340\000\040\000\040\203\147\121\111\133\377\124\175\142\020\120\317}{}% 56
\BOOKMARK [1][-]{section.5.1}{\376\377\0005\000.\0001\000\040\203\147\121\111\133\377\124\175\142\020\120\317\000\050\000F\000L\000I\000M\000\051\142\200\147\057\151\202\217\360}{chapter.5}% 57
\BOOKMARK [2][-]{subsection.5.1.1}{\376\377\0005\000.\0001\000.\0001\000\040\203\147\121\111\133\377\124\175\166\204\162\151\164\006\127\372\170\100}{section.5.1}% 58
\BOOKMARK [2][-]{subsection.5.1.2}{\376\377\0005\000.\0001\000.\0002\000\040\203\147\121\111\210\160\121\317\152\041\127\213\116\016\133\377\124\175\143\320\123\326}{section.5.1}% 59
\BOOKMARK [1][-]{section.5.2}{\376\377\0005\000.\0002\000\040\116\352\126\150\124\315\136\224\121\375\145\160\000\050\000I\000R\000F\000\051\150\007\133\232\116\016\124\014\153\145\136\366\217\337\150\041\121\306}{chapter.5}% 60
\BOOKMARK [1][-]{section.5.3}{\376\377\0005\000.\0003\000\040\000F\000L\000I\000M\000\040\145\160\143\156\221\307\226\306\116\016\124\014\153\145\152\041\137\017\213\276\213\241}{chapter.5}% 61
\BOOKMARK [2][-]{subsection.5.3.1}{\376\377\0005\000.\0003\000.\0001\000\040\160\271\142\153\143\317\174\373\176\337\116\055\166\204\145\366\136\217\124\014\153\145\121\163\174\373}{section.5.3}% 62
\BOOKMARK [2][-]{subsection.5.3.2}{\376\377\0005\000.\0003\000.\0002\000\040\123\125\215\357\124\014\153\145\221\307\226\306\152\041\137\017}{section.5.3}% 63
\BOOKMARK [2][-]{subsection.5.3.3}{\376\377\0005\000.\0003\000.\0003\000\040\116\011\215\357\124\014\153\145\221\307\226\306\152\041\137\017}{section.5.3}% 64
\BOOKMARK [1][-]{section.5.4}{\376\377\0005\000.\0004\000\040\000F\000L\000I\000M\000\040\174\373\176\337\144\315\117\134\155\101\172\013\116\016\145\160\143\156\131\004\164\006\224\376\215\357}{chapter.5}% 65
\BOOKMARK [1][-]{section.5.5}{\376\377\0005\000.\0005\000\040\000F\000L\000I\000M\000\040\142\020\120\317\176\323\147\234\116\016\133\377\124\175\142\337\124\010\122\006\147\220}{chapter.5}% 66
\BOOKMARK [1][-]{section.5.6}{\376\377\0005\000.\0006\000\040\170\154\116\366\221\307\226\306\123\141\153\173\123\072\145\366\225\364\225\356\230\230\123\312\117\030\123\026}{chapter.5}% 67
\BOOKMARK [0][-]{chapter.6}{\376\377\173\054\0006\172\340\000\040\000\040\140\073\176\323\116\016\134\125\147\033}{}% 68
\BOOKMARK [1][-]{section.6.1}{\376\377\0006\000.\0001\000\040\121\150\145\207\140\073\176\323}{chapter.6}% 69
\BOOKMARK [1][-]{section.6.2}{\376\377\0006\000.\0002\000\040\147\052\147\145\134\125\147\033}{chapter.6}% 70
\BOOKMARK [0][-]{section*.64}{\376\377\123\302\200\003\145\207\163\056}{}% 71
\BOOKMARK [0][-]{appendix.A}{\376\377\226\104\137\125\000\040\116\000\000\040\000\040\201\352\170\024\162\151\225\134\210\145\121\105\122\006\147\220}{}% 72
\BOOKMARK [0][-]{appendix.B}{\376\377\226\104\137\125\000\040\116\214\000\040\000\040\215\205\167\355\201\011\121\262\123\213\177\051\116\016\210\150\137\201\210\145\121\105\122\006\147\220}{}% 73
\BOOKMARK [1][-]{section.B.1}{\376\377\226\104\137\125\116\214\000.\0001\000\040\201\352\166\370\136\162\116\352\155\113\221\317\123\237\164\006\116\016\230\204\133\236\232\214\147\141\116\366}{appendix.B}% 74
\BOOKMARK [2][-]{subsection.B.1.1}{\376\377\226\104\137\125\116\214\000.\0001\000.\0001\000\040\136\162\155\211\201\352\166\370\121\163\166\204\145\160\133\146\152\041\127\213\116\016\134\360\200\314\153\324}{section.B.1}% 75
\BOOKMARK [2][-]{subsection.B.1.2}{\376\377\226\104\137\125\116\214\000.\0001\000.\0002\000\040\201\011\121\262\133\275\136\246\166\204\211\343\173\227\000\050\123\273\166\370\121\163\126\340\133\120\000\051}{section.B.1}% 76
\BOOKMARK [2][-]{subsection.B.1.3}{\376\377\226\104\137\125\116\214\000.\0001\000.\0003\000\040\201\011\121\262\125\101\125\176\000\050\000C\000h\000i\000r\000p\000\051\163\260\214\141\166\204\213\306\122\053\116\016\122\006\147\220}{section.B.1}% 77
\BOOKMARK [1][-]{section.B.2}{\376\377\226\104\137\125\116\214\000.\0002\000\040\131\032\220\032\201\124\201\011\121\262\123\213\177\051\210\145\121\105\116\377\167\037\176\323\147\234}{appendix.B}% 78
\BOOKMARK [0][-]{appendix.C}{\376\377\226\104\137\125\000\040\116\011\000\040\000\040\123\314\151\055\127\006\176\247\200\124\173\111\121\111\172\013\142\153\143\317\176\323\147\204\166\204\164\006\213\272\213\276\213\241\116\016\116\377\167\037}{}% 79
\BOOKMARK [1][-]{section.C.1}{\376\377\226\104\137\125\116\011\000.\0001\000\040\117\040\176\337\142\153\143\317\176\323\147\204\166\204\134\100\226\120\140\047}{appendix.C}% 80
\BOOKMARK [1][-]{section.C.2}{\376\377\226\104\137\125\116\011\000.\0002\000\040\151\055\127\006\173\111\121\111\172\013\142\153\143\317\123\237\164\006}{appendix.C}% 81
\BOOKMARK [1][-]{section.C.3}{\376\377\226\104\137\125\116\011\000.\0003\000\040\123\125\151\055\127\006\176\323\147\204\166\204\142\153\143\317\220\037\163\207\227\136\127\107\123\000\140\047\116\016\123\314\151\055\127\006\176\323\147\204\213\276\213\241}{appendix.C}% 82
\BOOKMARK [0][-]{appendix.D}{\376\377\226\104\137\125\000\040\126\333\000\040\000\040\203\147\121\111\137\256\164\003\150\007\121\306\150\067\124\301\131\004\164\006\155\101\172\013\210\145\121\105\213\364\146\016}{}% 83
\BOOKMARK [0][-]{appendix*.78}{\376\377\201\364\214\042}{}% 84
\BOOKMARK [0][-]{appendix*.79}{\376\377\117\134\200\005\173\200\123\206\123\312\145\073\213\373\133\146\117\115\147\037\225\364\123\321\210\150\166\204\133\146\147\057\213\272\145\207\116\016\121\166\116\326\166\370\121\163\133\146\147\057\142\020\147\234}{}% 85
